#-----------------------------------------------------------
# PlanAhead v14.7 (64-bit)
# Build 321239 by xbuild on Fri Sep 27 19:29:51 MDT 2013
# Start of session at: Tue Feb 17 17:57:45 2015
# Process ID: 3832
# Log file: C:/Users/Crazyfingers/Documents/Atlys Projects/ShiftRegister/planAhead_run_1/planAhead.log
# Journal file: C:/Users/Crazyfingers/Documents/Atlys Projects/ShiftRegister/planAhead_run_1/planAhead.jou
#-----------------------------------------------------------
INFO: [Common 17-78] Attempting to get a license: PlanAhead
INFO: [Common 17-290] Got license for PlanAhead
INFO: [Device 21-36] Loading parts and site information from C:/Xilinx/14.7/ISE_DS/PlanAhead/data/parts/arch.xml
Parsing RTL primitives file [C:/Xilinx/14.7/ISE_DS/PlanAhead/data/parts/xilinx/rtl/prims/rtl_prims.xml]
Finished parsing RTL primitives file [C:/Xilinx/14.7/ISE_DS/PlanAhead/data/parts/xilinx/rtl/prims/rtl_prims.xml]
start_gui
source {C:/Users/Crazyfingers/Documents/Atlys Projects/ShiftRegister/pa.fromHdl.tcl}
# create_project -name ShiftRegister -dir "C:/Users/Crazyfingers/Documents/Atlys Projects/ShiftRegister/planAhead_run_1" -part xc6slx45csg324-2
# set_param project.pinAheadLayout yes
# set srcset [get_property srcset [current_run -impl]]
# set_property target_constrs_file "C:/Users/Crazyfingers/Documents/Atlys Projects/ShiftRegister/ShiftRegTop.ucf" [current_fileset -constrset]
Adding file 'C:/Users/Crazyfingers/Documents/Atlys Projects/ShiftRegister/ShiftRegTop.ucf' to fileset 'constrs_1'
# set hdlfile [add_files [list {ShiftRegTop.v}]]
# set_property file_type Verilog $hdlfile
# set_property library work $hdlfile
# set_property top ShiftRegTop $srcset
# add_files [list {VHDCI_constraints.ucf}] -fileset [get_property constrset [current_run]]
# add_files [list {ShiftRegTop.ucf}] -fileset [get_property constrset [current_run]]
# open_rtl_design -part xc6slx45csg324-2
Using Verific elaboration
Parsing VHDL file "C:/Xilinx/14.7/ISE_DS/PlanAhead/data/parts/xilinx/rtl/lib/synplify/synattr.vhd" into library synplify
Analyzing Verilog file "C:/Users/Crazyfingers/Documents/Atlys Projects/ShiftRegister/ShiftRegTop.v" into library work
WARNING: [HDL 9-806] Syntax error near "<=". [C:/Users/Crazyfingers/Documents/Atlys Projects/ShiftRegister/ShiftRegTop.v:47]
Loading clock regions from C:/Xilinx/14.7/ISE_DS/PlanAhead/data\parts/xilinx/spartan6/spartan6lx/xc6slx45/ClockRegion.xml
Loading clock buffers from C:/Xilinx/14.7/ISE_DS/PlanAhead/data\parts/xilinx/spartan6/spartan6lx/xc6slx45/ClockBuffers.xml
Loading package pin functions from C:/Xilinx/14.7/ISE_DS/PlanAhead/data\parts/xilinx/spartan6/PinFunctions.xml...
Loading package from C:/Xilinx/14.7/ISE_DS/PlanAhead/data\parts/xilinx/spartan6/spartan6lx/xc6slx45/csg324/Package.xml
Loading io standards from C:/Xilinx/14.7/ISE_DS/PlanAhead/data\./parts/xilinx/spartan6/IOStandards.xml
Loading device configuration modes from C:/Xilinx/14.7/ISE_DS/PlanAhead/data\parts/xilinx/spartan6/ConfigModes.xml
Loading list of drcs for the architecture : C:/Xilinx/14.7/ISE_DS/PlanAhead/data\./parts/xilinx/spartan6/drc.xml
Parsing UCF File [C:/Users/Crazyfingers/Documents/Atlys Projects/ShiftRegister/ShiftRegTop.ucf]
Finished Parsing UCF File [C:/Users/Crazyfingers/Documents/Atlys Projects/ShiftRegister/ShiftRegTop.ucf]
Parsing UCF File [C:/Users/Crazyfingers/Documents/Atlys Projects/ShiftRegister/VHDCI_constraints.ucf]
CRITICAL WARNING: [Constraints 18-11] Could not find net or pin 'VHDCIIO1<0>' [C:/Users/Crazyfingers/Documents/Atlys Projects/ShiftRegister/VHDCI_constraints.ucf:3]
CRITICAL WARNING: [Constraints 18-11] Could not find net or pin 'VHDCIIO1<1>' [C:/Users/Crazyfingers/Documents/Atlys Projects/ShiftRegister/VHDCI_constraints.ucf:4]
CRITICAL WARNING: [Constraints 18-11] Could not find net or pin 'VHDCIIO1<2>' [C:/Users/Crazyfingers/Documents/Atlys Projects/ShiftRegister/VHDCI_constraints.ucf:5]
CRITICAL WARNING: [Constraints 18-11] Could not find net or pin 'VHDCIIO1<3>' [C:/Users/Crazyfingers/Documents/Atlys Projects/ShiftRegister/VHDCI_constraints.ucf:6]
CRITICAL WARNING: [Constraints 18-11] Could not find net or pin 'VHDCIIO1<4>' [C:/Users/Crazyfingers/Documents/Atlys Projects/ShiftRegister/VHDCI_constraints.ucf:7]
CRITICAL WARNING: [Constraints 18-11] Could not find net or pin 'VHDCIIO1<5>' [C:/Users/Crazyfingers/Documents/Atlys Projects/ShiftRegister/VHDCI_constraints.ucf:8]
CRITICAL WARNING: [Constraints 18-11] Could not find net or pin 'VHDCIIO1<6>' [C:/Users/Crazyfingers/Documents/Atlys Projects/ShiftRegister/VHDCI_constraints.ucf:9]
CRITICAL WARNING: [Constraints 18-11] Could not find net or pin 'VHDCIIO1<7>' [C:/Users/Crazyfingers/Documents/Atlys Projects/ShiftRegister/VHDCI_constraints.ucf:10]
Finished Parsing UCF File [C:/Users/Crazyfingers/Documents/Atlys Projects/ShiftRegister/VHDCI_constraints.ucf]
INFO: [Designutils 20-20] Invalid constraints found, use command 'write_ucf -constraints invalid <file>' to save all the invalid constraints to a file
INFO: [Project 1-111] Unisim Transformation Summary:
No Unisim elements were transformed.

Phase 0 | Netlist Checksum: 1092d634
open_rtl_design: Time (s): elapsed = 00:00:08 . Memory (MB): peak = 690.496 ; gain = 228.078
update_compile_order -fileset sim_1
exit
ERROR: [PlanAhead 12-106] *** Exception: ui.h.b: Found deleted key in HTclEventBroker. Verify if the classes listed here call cleanup()
HTclEvent: DEBUG_CORE_CONFIG_CHANGE   Classes: ui.views.aR 
HTclEvent: DEBUG_PORT_CONFIG_CHANGE   Classes: ui.views.aR 
HTclEvent: SIGNAL_MODIFY   Classes: ui.views.aR 
HTclEvent: SIGNAL_BUS_MODIFY   Classes: ui.views.aR 
 (See C:/Users/Crazyfingers/Documents/Atlys Projects/ShiftRegister\planAhead_pid3832.debug)
ERROR: [Common 17-39] 'stop_gui' failed due to earlier errors.
INFO: [Common 17-206] Exiting PlanAhead at Tue Feb 17 18:32:55 2015...
INFO: [Common 17-83] Releasing license: PlanAhead
