Release 14.7 Map P.20131013 (nt64)
Xilinx Mapping Report File for Design 'CBIOWrapper'

Design Information
------------------
Command Line   : map -intstyle ise -p xc6slx45-csg324-2 -w -logic_opt off -ol
high -t 1 -xt 0 -register_duplication off -r 4 -global_opt off -mt off -ir off
-pr off -lc off -power off -o CBIOWrapper_map.ncd CBIOWrapper.ngd
CBIOWrapper.pcf 
Target Device  : xc6slx45
Target Package : csg324
Target Speed   : -2
Mapper Version : spartan6 -- $Revision: 1.55 $
Mapped Date    : Fri May 15 16:57:19 2015

Design Summary
--------------
Number of errors:      0
Number of warnings:    0
Slice Logic Utilization:
  Number of Slice Registers:                   198 out of  54,576    1%
    Number used as Flip Flops:                 198
    Number used as Latches:                      0
    Number used as Latch-thrus:                  0
    Number used as AND/OR logics:                0
  Number of Slice LUTs:                        228 out of  27,288    1%
    Number used as logic:                      222 out of  27,288    1%
      Number using O6 output only:             120
      Number using O5 output only:              28
      Number using O5 and O6:                   74
      Number used as ROM:                        0
    Number used as Memory:                       0 out of   6,408    0%
    Number used exclusively as route-thrus:      6
      Number with same-slice register load:      4
      Number with same-slice carry load:         2
      Number with other load:                    0

Slice Logic Distribution:
  Number of occupied Slices:                    81 out of   6,822    1%
  Number of MUXCYs used:                        36 out of  13,644    1%
  Number of LUT Flip Flop pairs used:          250
    Number with an unused Flip Flop:           110 out of     250   44%
    Number with an unused LUT:                  22 out of     250    8%
    Number of fully used LUT-FF pairs:         118 out of     250   47%
    Number of unique control sets:              12
    Number of slice register sites lost
      to control set restrictions:              50 out of  54,576    1%

  A LUT Flip Flop pair for this architecture represents one LUT paired with
  one Flip Flop within a slice.  A control set is a unique combination of
  clock, reset, set, and enable signals for a registered element.
  The Slice Logic Distribution report is not meaningful if the design is
  over-mapped for a non-slice resource or if Placement fails.

IO Utilization:
  Number of bonded IOBs:                        51 out of     218   23%
    Number of LOCed IOBs:                       50 out of      51   98%

Specific Feature Utilization:
  Number of RAMB16BWERs:                         0 out of     116    0%
  Number of RAMB8BWERs:                          0 out of     232    0%
  Number of BUFIO2/BUFIO2_2CLKs:                 0 out of      32    0%
  Number of BUFIO2FB/BUFIO2FB_2CLKs:             0 out of      32    0%
  Number of BUFG/BUFGMUXs:                       2 out of      16   12%
    Number used as BUFGs:                        2
    Number used as BUFGMUX:                      0
  Number of DCM/DCM_CLKGENs:                     0 out of       8    0%
  Number of ILOGIC2/ISERDES2s:                   0 out of     376    0%
  Number of IODELAY2/IODRP2/IODRP2_MCBs:         0 out of     376    0%
  Number of OLOGIC2/OSERDES2s:                   0 out of     376    0%
  Number of BSCANs:                              0 out of       4    0%
  Number of BUFHs:                               0 out of     256    0%
  Number of BUFPLLs:                             0 out of       8    0%
  Number of BUFPLL_MCBs:                         0 out of       4    0%
  Number of DSP48A1s:                            0 out of      58    0%
  Number of ICAPs:                               0 out of       1    0%
  Number of MCBs:                                0 out of       2    0%
  Number of PCILOGICSEs:                         0 out of       2    0%
  Number of PLL_ADVs:                            0 out of       4    0%
  Number of PMVs:                                0 out of       1    0%
  Number of STARTUPs:                            0 out of       1    0%
  Number of SUSPEND_SYNCs:                       0 out of       1    0%

Average Fanout of Non-Clock Nets:                3.85

Peak Memory Usage:  480 MB
Total REAL time to MAP completion:  19 secs 
Total CPU time to MAP completion:   8 secs 

Table of Contents
-----------------
Section 1 - Errors
Section 2 - Warnings
Section 3 - Informational
Section 4 - Removed Logic Summary
Section 5 - Removed Logic
Section 6 - IOB Properties
Section 7 - RPMs
Section 8 - Guide Report
Section 9 - Area Group and Partition Summary
Section 10 - Timing Report
Section 11 - Configuration String Information
Section 12 - Control Set Information
Section 13 - Utilization by Hierarchy

Section 1 - Errors
------------------

Section 2 - Warnings
--------------------

Section 3 - Informational
-------------------------
INFO:LIT:243 - Logical network VHDCIIO1<19>_IBUF has no load.
INFO:LIT:395 - The above info message is repeated 19 more times for the
   following (max. 5 shown):
   VHDCIIO1<18>_IBUF,
   VHDCIIO1<17>_IBUF,
   VHDCIIO1<16>_IBUF,
   VHDCIIO1<15>_IBUF,
   VHDCIIO1<14>_IBUF
   To see the details of these info messages, please use the -detail switch.
INFO:MapLib:562 - No environment variables are currently set.
INFO:LIT:244 - All of the single ended outputs in this design are using slew
   rate limited output drivers. The delay on speed critical single ended outputs
   can be dramatically reduced by designating them as fast outputs.
INFO:Pack:1716 - Initializing temperature to 85.000 Celsius. (default - Range:
   0.000 to 85.000 Celsius)
INFO:Pack:1720 - Initializing voltage to 1.140 Volts. (default - Range: 1.140 to
   1.260 Volts)
INFO:Map:215 - The Interim Design Summary has been generated in the MAP Report
   (.mrp).
INFO:Place:834 - Only a subset of IOs are locked. Out of 51 IOs, 50 are locked
   and 1 are not locked. If you would like to print the names of these IOs,
   please set the environment variable XIL_PAR_DESIGN_CHECK_VERBOSE to 1. 
INFO:Pack:1650 - Map created a placed design.

Section 4 - Removed Logic Summary
---------------------------------
   2 block(s) optimized away

Section 5 - Removed Logic
-------------------------

Optimized Block(s):
TYPE 		BLOCK
GND 		XST_GND
VCC 		XST_VCC

To enable printing of redundant blocks removed and signals merged, set the
detailed map report option and rerun map.

Section 6 - IOB Properties
--------------------------

+---------------------------------------------------------------------------------------------------------------------------------------------------------+
| IOB Name                           | Type             | Direction | IO Standard          | Diff  | Drive    | Slew | Reg (s)      | Resistor | IOB      |
|                                    |                  |           |                      | Term  | Strength | Rate |              |          | Delay    |
+---------------------------------------------------------------------------------------------------------------------------------------------------------+
| CLK                                | IOB              | INPUT     | LVCMOS25             |       |          |      |              |          |          |
| Led<0>                             | IOB              | OUTPUT    | LVCMOS25             |       | 12       | SLOW |              |          |          |
| Led<1>                             | IOB              | OUTPUT    | LVCMOS25             |       | 12       | SLOW |              |          |          |
| Led<2>                             | IOB              | OUTPUT    | LVCMOS25             |       | 12       | SLOW |              |          |          |
| Led<3>                             | IOB              | OUTPUT    | LVCMOS25             |       | 12       | SLOW |              |          |          |
| Led<4>                             | IOB              | OUTPUT    | LVCMOS25             |       | 12       | SLOW |              |          |          |
| Led<5>                             | IOB              | OUTPUT    | LVCMOS25             |       | 12       | SLOW |              |          |          |
| Led<6>                             | IOB              | OUTPUT    | LVCMOS25             |       | 12       | SLOW |              |          |          |
| Led<7>                             | IOB              | OUTPUT    | LVCMOS25             |       | 12       | SLOW |              |          |          |
| VHDCIIO1<0>                        | IOB              | INPUT     | LVCMOS25             |       |          |      |              |          |          |
| VHDCIIO1<1>                        | IOB              | INPUT     | LVCMOS25             |       |          |      |              |          |          |
| VHDCIIO1<2>                        | IOB              | INPUT     | LVCMOS25             |       |          |      |              |          |          |
| VHDCIIO1<3>                        | IOB              | INPUT     | LVCMOS25             |       |          |      |              |          |          |
| VHDCIIO1<4>                        | IOB              | INPUT     | LVCMOS25             |       |          |      |              |          |          |
| VHDCIIO1<5>                        | IOB              | INPUT     | LVCMOS25             |       |          |      |              |          |          |
| VHDCIIO1<6>                        | IOB              | INPUT     | LVCMOS25             |       |          |      |              |          |          |
| VHDCIIO1<7>                        | IOB              | INPUT     | LVCMOS25             |       |          |      |              |          |          |
| VHDCIIO1<8>                        | IOB              | INPUT     | LVCMOS25             |       |          |      |              |          |          |
| VHDCIIO1<9>                        | IOB              | INPUT     | LVCMOS25             |       |          |      |              |          |          |
| VHDCIIO1<10>                       | IOB              | INPUT     | LVCMOS25             |       |          |      |              |          |          |
| VHDCIIO1<11>                       | IOB              | INPUT     | LVCMOS25             |       |          |      |              |          |          |
| VHDCIIO1<12>                       | IOB              | INPUT     | LVCMOS25             |       |          |      |              |          |          |
| VHDCIIO1<13>                       | IOB              | INPUT     | LVCMOS25             |       |          |      |              |          |          |
| VHDCIIO1<14>                       | IOB              | INPUT     | LVCMOS25             |       |          |      |              |          |          |
| VHDCIIO1<15>                       | IOB              | INPUT     | LVCMOS25             |       |          |      |              |          |          |
| VHDCIIO1<16>                       | IOB              | INPUT     | LVCMOS25             |       |          |      |              |          |          |
| VHDCIIO1<17>                       | IOB              | INPUT     | LVCMOS25             |       |          |      |              |          |          |
| VHDCIIO1<18>                       | IOB              | INPUT     | LVCMOS25             |       |          |      |              |          |          |
| VHDCIIO1<19>                       | IOB              | INPUT     | LVCMOS25             |       |          |      |              |          |          |
| VHDCIIO2<0>                        | IOB              | OUTPUT    | LVCMOS25             |       | 12       | SLOW |              |          |          |
| VHDCIIO2<1>                        | IOB              | OUTPUT    | LVCMOS25             |       | 12       | SLOW |              |          |          |
| VHDCIIO2<2>                        | IOB              | OUTPUT    | LVCMOS25             |       | 12       | SLOW |              |          |          |
| VHDCIIO2<3>                        | IOB              | OUTPUT    | LVCMOS25             |       | 12       | SLOW |              |          |          |
| VHDCIIO2<4>                        | IOB              | OUTPUT    | LVCMOS25             |       | 12       | SLOW |              |          |          |
| VHDCIIO2<5>                        | IOB              | OUTPUT    | LVCMOS25             |       | 12       | SLOW |              |          |          |
| VHDCIIO2<6>                        | IOB              | OUTPUT    | LVCMOS25             |       | 12       | SLOW |              |          |          |
| VHDCIIO2<7>                        | IOB              | OUTPUT    | LVCMOS25             |       | 12       | SLOW |              |          |          |
| VHDCIIO2<8>                        | IOB              | OUTPUT    | LVCMOS25             |       | 12       | SLOW |              |          |          |
| VHDCIIO2<9>                        | IOB              | OUTPUT    | LVCMOS25             |       | 12       | SLOW |              |          |          |
| VHDCIIO2<10>                       | IOB              | OUTPUT    | LVCMOS25             |       | 12       | SLOW |              |          |          |
| VHDCIIO2<11>                       | IOB              | OUTPUT    | LVCMOS25             |       | 12       | SLOW |              |          |          |
| VHDCIIO2<12>                       | IOB              | OUTPUT    | LVCMOS25             |       | 12       | SLOW |              |          |          |
| VHDCIIO2<13>                       | IOB              | OUTPUT    | LVCMOS25             |       | 12       | SLOW |              |          |          |
| VHDCIIO2<14>                       | IOB              | OUTPUT    | LVCMOS25             |       | 12       | SLOW |              |          |          |
| VHDCIIO2<15>                       | IOB              | OUTPUT    | LVCMOS25             |       | 12       | SLOW |              |          |          |
| VHDCIIO2<16>                       | IOB              | OUTPUT    | LVCMOS25             |       | 12       | SLOW |              |          |          |
| VHDCIIO2<17>                       | IOB              | OUTPUT    | LVCMOS25             |       | 12       | SLOW |              |          |          |
| VHDCIIO2<18>                       | IOB              | OUTPUT    | LVCMOS25             |       | 12       | SLOW |              |          |          |
| VHDCIIO2<19>                       | IOB              | OUTPUT    | LVCMOS25             |       | 12       | SLOW |              |          |          |
| reset                              | IOB              | INPUT     | LVCMOS25             |       |          |      |              |          |          |
| sw                                 | IOB              | INPUT     | LVCMOS25             |       |          |      |              |          |          |
+---------------------------------------------------------------------------------------------------------------------------------------------------------+

Section 7 - RPMs
----------------

Section 8 - Guide Report
------------------------
Guide not run on this design.

Section 9 - Area Group and Partition Summary
--------------------------------------------

Partition Implementation Status
-------------------------------

  No Partitions were found in this design.

-------------------------------

Area Group Information
----------------------

  No area groups were found in this design.

----------------------

Section 10 - Timing Report
--------------------------
A logic-level (pre-route) timing report can be generated by using Xilinx static
timing analysis tools, Timing Analyzer (GUI) or TRCE (command line), with the
mapped NCD and PCF files. Please note that this timing report will be generated
using estimated delay information. For accurate numbers, please generate a
timing report with the post Place and Route NCD file.

For more information about the Timing Analyzer, consult the Xilinx Timing
Analyzer Reference Manual; for more information about TRCE, consult the Xilinx
Command Line Tools User Guide "TRACE" chapter.

Section 11 - Configuration String Details
-----------------------------------------
Use the "-detail" map option to print out Configuration Strings

Section 12 - Control Set Information
------------------------------------
Use the "-detail" map option to print out Control Set Information.

Section 13 - Utilization by Hierarchy
-------------------------------------
Use the "-detail" map option to print out the Utilization by Hierarchy section.
