--------------------------------------------------------------------------------
Release 14.7 Trace  (nt64)
Copyright (c) 1995-2013 Xilinx, Inc.  All rights reserved.

C:\Xilinx\14.7\ISE_DS\ISE\bin\nt64\unwrapped\trce.exe -intstyle ise -v 3 -s 2
-n 3 -fastpaths -xml ShiftRegTop.twx ShiftRegTop.ncd -o ShiftRegTop.twr
ShiftRegTop.pcf

Design file:              ShiftRegTop.ncd
Physical constraint file: ShiftRegTop.pcf
Device,package,speed:     xc6slx45,csg324,C,-2 (PRODUCTION 1.23 2013-10-13)
Report level:             verbose report

Environment Variable      Effect 
--------------------      ------ 
NONE                      No environment variables were set
--------------------------------------------------------------------------------

INFO:Timing:2698 - No timing constraints found, doing default enumeration.
INFO:Timing:3412 - To improve timing, see the Timing Closure User Guide (UG612).
INFO:Timing:2752 - To get complete path coverage, use the unconstrained paths 
   option. All paths that are not constrained will be reported in the 
   unconstrained paths section(s) of the report.
INFO:Timing:3339 - The clock-to-out numbers in this timing report are based on 
   a 50 Ohm transmission line loading model.  For the details of this model, 
   and for more information on accounting for different loading conditions, 
   please see the device datasheet.



Data Sheet report:
-----------------
All values displayed in nanoseconds (ns)

Setup/Hold to clock SRCK
------------+------------+------------+------------+------------+------------------+--------+
            |Max Setup to|  Process   |Max Hold to |  Process   |                  | Clock  |
Source      | clk (edge) |   Corner   | clk (edge) |   Corner   |Internal Clock(s) | Phase  |
------------+------------+------------+------------+------------+------------------+--------+
CLR         |    0.481(R)|      SLOW  |    1.522(R)|      SLOW  |SRCK_BUFGP        |   0.000|
SIN         |   -0.021(R)|      FAST  |    2.176(R)|      SLOW  |SRCK_BUFGP        |   0.000|
------------+------------+------------+------------+------------+------------------+--------+

Clock SRCK to Pad
------------+-----------------+------------+-----------------+------------+------------------+--------+
            |Max (slowest) clk|  Process   |Min (fastest) clk|  Process   |                  | Clock  |
Destination |  (edge) to PAD  |   Corner   |  (edge) to PAD  |   Corner   |Internal Clock(s) | Phase  |
------------+-----------------+------------+-----------------+------------+------------------+--------+
Sreg<0>     |         9.345(R)|      SLOW  |         3.871(R)|      FAST  |SRCK_BUFGP        |   0.000|
Sreg<1>     |         9.355(R)|      SLOW  |         3.881(R)|      FAST  |SRCK_BUFGP        |   0.000|
Sreg<2>     |         9.636(R)|      SLOW  |         4.034(R)|      FAST  |SRCK_BUFGP        |   0.000|
Sreg<3>     |         9.540(R)|      SLOW  |         3.965(R)|      FAST  |SRCK_BUFGP        |   0.000|
Sreg<4>     |         9.489(R)|      SLOW  |         3.933(R)|      FAST  |SRCK_BUFGP        |   0.000|
Sreg<5>     |         9.272(R)|      SLOW  |         3.859(R)|      FAST  |SRCK_BUFGP        |   0.000|
Sreg<6>     |         9.365(R)|      SLOW  |         3.881(R)|      FAST  |SRCK_BUFGP        |   0.000|
Sreg<7>     |        11.197(R)|      SLOW  |         4.452(R)|      FAST  |SRCK_BUFGP        |   0.000|
------------+-----------------+------------+-----------------+------------+------------------+--------+

Clock to Setup on destination clock SRCK
---------------+---------+---------+---------+---------+
               | Src:Rise| Src:Fall| Src:Rise| Src:Fall|
Source Clock   |Dest:Rise|Dest:Rise|Dest:Fall|Dest:Fall|
---------------+---------+---------+---------+---------+
SRCK           |    1.414|         |         |         |
---------------+---------+---------+---------+---------+


Analysis completed Tue Feb 17 16:17:42 2015 
--------------------------------------------------------------------------------

Trace Settings:
-------------------------
Trace Settings 

Peak Memory Usage: 260 MB



