Release 14.7 - xst P.20131013 (nt64)
Copyright (c) 1995-2013 Xilinx, Inc.  All rights reserved.
--> Parameter TMPDIR set to xst/projnav.tmp


Total REAL time to Xst completion: 0.00 secs
Total CPU time to Xst completion: 0.08 secs
 
--> Parameter xsthdpdir set to xst


Total REAL time to Xst completion: 0.00 secs
Total CPU time to Xst completion: 0.08 secs
 
--> Reading design: CBIOWrapper.prj

TABLE OF CONTENTS
  1) Synthesis Options Summary
  2) HDL Parsing
  3) HDL Elaboration
  4) HDL Synthesis
       4.1) HDL Synthesis Report
  5) Advanced HDL Synthesis
       5.1) Advanced HDL Synthesis Report
  6) Low Level Synthesis
  7) Partition Report
  8) Design Summary
       8.1) Primitive and Black Box Usage
       8.2) Device utilization summary
       8.3) Partition Resource Summary
       8.4) Timing Report
            8.4.1) Clock Information
            8.4.2) Asynchronous Control Signals Information
            8.4.3) Timing Summary
            8.4.4) Timing Details
            8.4.5) Cross Clock Domains Report


=========================================================================
*                      Synthesis Options Summary                        *
=========================================================================
---- Source Parameters
Input File Name                    : "CBIOWrapper.prj"
Ignore Synthesis Constraint File   : NO

---- Target Parameters
Output File Name                   : "CBIOWrapper"
Output Format                      : NGC
Target Device                      : xc6slx45-2-csg324

---- Source Options
Top Module Name                    : CBIOWrapper
Automatic FSM Extraction           : YES
FSM Encoding Algorithm             : Auto
Safe Implementation                : No
FSM Style                          : LUT
RAM Extraction                     : Yes
RAM Style                          : Auto
ROM Extraction                     : Yes
Shift Register Extraction          : YES
ROM Style                          : Auto
Resource Sharing                   : YES
Asynchronous To Synchronous        : NO
Shift Register Minimum Size        : 2
Use DSP Block                      : Auto
Automatic Register Balancing       : No

---- Target Options
LUT Combining                      : Auto
Reduce Control Sets                : Auto
Add IO Buffers                     : YES
Global Maximum Fanout              : 100000
Add Generic Clock Buffer(BUFG)     : 16
Register Duplication               : YES
Optimize Instantiated Primitives   : NO
Use Clock Enable                   : Auto
Use Synchronous Set                : Auto
Use Synchronous Reset              : Auto
Pack IO Registers into IOBs        : Auto
Equivalent register Removal        : YES

---- General Options
Optimization Goal                  : Speed
Optimization Effort                : 1
Power Reduction                    : NO
Keep Hierarchy                     : No
Netlist Hierarchy                  : As_Optimized
RTL Output                         : Yes
Global Optimization                : AllClockNets
Read Cores                         : YES
Write Timing Constraints           : NO
Cross Clock Analysis               : NO
Hierarchy Separator                : /
Bus Delimiter                      : <>
Case Specifier                     : Maintain
Slice Utilization Ratio            : 100
BRAM Utilization Ratio             : 100
DSP48 Utilization Ratio            : 100
Auto BRAM Packing                  : NO
Slice Utilization Ratio Delta      : 5

=========================================================================


=========================================================================
*                          HDL Parsing                                  *
=========================================================================
Analyzing Verilog file "C:\Users\Crazyfingers\Documents\Atlys-General\atlys-general\Shiftreg\Source\UART.v" into library work
Parsing module <uart>.
Analyzing Verilog file "C:\Users\Crazyfingers\Documents\Atlys-General\atlys-general\Shiftreg\Source\DotDriver.v" into library work
Parsing module <DotController>.
Analyzing Verilog file "C:\Users\Crazyfingers\Documents\Atlys-General\atlys-general\Shiftreg\Source\ClockDivider.v" into library work
Parsing module <ClockDivider>.
Analyzing Verilog file "C:\Users\Crazyfingers\Documents\Atlys-General\atlys-general\Shiftreg\MessageHandler.v" into library work
Parsing module <MessageHandler>.
Analyzing Verilog file "C:\Users\Crazyfingers\Documents\Atlys-General\atlys-general\Shiftreg\Source\ClockBaseTop.v" into library work
Parsing module <ClockBaseTop>.
WARNING:HDLCompiler:751 - "C:\Users\Crazyfingers\Documents\Atlys-General\atlys-general\Shiftreg\Source\ClockBaseTop.v" Line 553: Redeclaration of ansi port colOut is not allowed
WARNING:HDLCompiler:751 - "C:\Users\Crazyfingers\Documents\Atlys-General\atlys-general\Shiftreg\Source\ClockBaseTop.v" Line 554: Redeclaration of ansi port rowOut is not allowed
Analyzing Verilog file "C:\Users\Crazyfingers\Documents\Atlys-General\atlys-general\Shiftreg\Source\CBIOWrapper.v" into library work
Parsing module <CBIOWrapper>.
WARNING:HDLCompiler:1335 - "C:\Users\Crazyfingers\Documents\Atlys-General\atlys-general\Shiftreg\Source\CBIOWrapper.v" Line 28: Port JB must not be declared to be an array

=========================================================================
*                            HDL Elaboration                            *
=========================================================================

Elaborating module <CBIOWrapper>.

Elaborating module <ClockBaseTop>.

Elaborating module <uart>.
WARNING:HDLCompiler:413 - "C:\Users\Crazyfingers\Documents\Atlys-General\atlys-general\Shiftreg\Source\UART.v" Line 106: Result of 5-bit expression is truncated to fit in 4-bit target.
WARNING:HDLCompiler:413 - "C:\Users\Crazyfingers\Documents\Atlys-General\atlys-general\Shiftreg\Source\UART.v" Line 112: Result of 5-bit expression is truncated to fit in 4-bit target.
WARNING:HDLCompiler:413 - "C:\Users\Crazyfingers\Documents\Atlys-General\atlys-general\Shiftreg\Source\UART.v" Line 126: Result of 32-bit expression is truncated to fit in 1-bit target.
WARNING:HDLCompiler:1127 - "C:\Users\Crazyfingers\Documents\Atlys-General\atlys-general\Shiftreg\Source\UART.v" Line 75: Assignment to rx_frame_err ignored, since the identifier is never used
WARNING:HDLCompiler:413 - "C:\Users\Crazyfingers\Documents\Atlys-General\atlys-general\Shiftreg\Source\UART.v" Line 156: Result of 5-bit expression is truncated to fit in 4-bit target.
WARNING:HDLCompiler:1127 - "C:\Users\Crazyfingers\Documents\Atlys-General\atlys-general\Shiftreg\Source\UART.v" Line 139: Assignment to tx_over_run ignored, since the identifier is never used
WARNING:HDLCompiler:1127 - "C:\Users\Crazyfingers\Documents\Atlys-General\atlys-general\Shiftreg\Source\ClockBaseTop.v" Line 90: Assignment to ct_tx_out ignored, since the identifier is never used
WARNING:HDLCompiler:1127 - "C:\Users\Crazyfingers\Documents\Atlys-General\atlys-general\Shiftreg\Source\ClockBaseTop.v" Line 91: Assignment to ct_tx_empty ignored, since the identifier is never used

Elaborating module <ClockDivider(divval=32'b011000011010100000)>.

Elaborating module <ClockDivider(divval=52)>.
WARNING:HDLCompiler:1127 - "C:\Users\Crazyfingers\Documents\Atlys-General\atlys-general\Shiftreg\Source\ClockBaseTop.v" Line 311: Assignment to storeTail ignored, since the identifier is never used
WARNING:HDLCompiler:413 - "C:\Users\Crazyfingers\Documents\Atlys-General\atlys-general\Shiftreg\Source\ClockBaseTop.v" Line 531: Result of 9-bit expression is truncated to fit in 8-bit target.
WARNING:HDLCompiler:1127 - "C:\Users\Crazyfingers\Documents\Atlys-General\atlys-general\Shiftreg\Source\ClockBaseTop.v" Line 473: Assignment to msgHead ignored, since the identifier is never used

Elaborating module <MessageHandler>.

Elaborating module <DotController>.
WARNING:HDLCompiler:413 - "C:\Users\Crazyfingers\Documents\Atlys-General\atlys-general\Shiftreg\Source\DotDriver.v" Line 128: Result of 6-bit expression is truncated to fit in 5-bit target.
WARNING:HDLCompiler:413 - "C:\Users\Crazyfingers\Documents\Atlys-General\atlys-general\Shiftreg\Source\ClockBaseTop.v" Line 608: Result of 5-bit expression is truncated to fit in 4-bit target.
WARNING:HDLCompiler:634 - "C:\Users\Crazyfingers\Documents\Atlys-General\atlys-general\Shiftreg\Source\ClockBaseTop.v" Line 37: Net <SRCK> does not have a driver.
WARNING:HDLCompiler:634 - "C:\Users\Crazyfingers\Documents\Atlys-General\atlys-general\Shiftreg\Source\ClockBaseTop.v" Line 86: Net <ct_txclk> does not have a driver.
WARNING:HDLCompiler:634 - "C:\Users\Crazyfingers\Documents\Atlys-General\atlys-general\Shiftreg\Source\ClockBaseTop.v" Line 87: Net <ct_ld_tx_data> does not have a driver.

=========================================================================
*                           HDL Synthesis                               *
=========================================================================

Synthesizing Unit <CBIOWrapper>.
    Related source file is "C:\Users\Crazyfingers\Documents\Atlys-General\atlys-general\Shiftreg\Source\CBIOWrapper.v".
WARNING:Xst:647 - Input <JB<7:1>> is never used. This port will be preserved and left unconnected if it belongs to a top-level block or it belongs to a sub-block and the hierarchy of this sub-block is preserved.
    Summary:
	inferred   1 Multiplexer(s).
Unit <CBIOWrapper> synthesized.

Synthesizing Unit <ClockBaseTop>.
    Related source file is "C:\Users\Crazyfingers\Documents\Atlys-General\atlys-general\Shiftreg\Source\ClockBaseTop.v".
        LDWAIT = 2'b01
        LDRESET = 2'b10
        LDSKIP = 2'b11
        LDRESET2 = 2'b00
        RXD_IDLE = 6'b100000
        RXD_HEAD = 6'b010000
        RXD_BCNT = 6'b001000
        RXD_BODY = 6'b000100
        RXD_TAIL = 6'b000010
        RXD_NULL = 6'b000001
        rxTIMEOUT = 100
        DATAMAXBYTES = 10
        SP_SYNC = 8'b01111110
        SP_ESC = 8'b11111110
        SP_END = 8'b00000011
WARNING:Xst:647 - Input <sw> is never used. This port will be preserved and left unconnected if it belongs to a top-level block or it belongs to a sub-block and the hierarchy of this sub-block is preserved.
INFO:Xst:3210 - "C:\Users\Crazyfingers\Documents\Atlys-General\atlys-general\Shiftreg\Source\ClockBaseTop.v" line 84: Output port <tx_out> of the instance <Uart> is unconnected or connected to loadless signal.
INFO:Xst:3210 - "C:\Users\Crazyfingers\Documents\Atlys-General\atlys-general\Shiftreg\Source\ClockBaseTop.v" line 84: Output port <tx_empty> of the instance <Uart> is unconnected or connected to loadless signal.
WARNING:Xst:653 - Signal <SRCK> is used but never assigned. This sourceless signal will be automatically connected to value GND.
WARNING:Xst:653 - Signal <ct_txclk> is used but never assigned. This sourceless signal will be automatically connected to value GND.
WARNING:Xst:653 - Signal <ct_ld_tx_data> is used but never assigned. This sourceless signal will be automatically connected to value GND.
    Found 1-bit register for signal <rxDecReady>.
    Found 1-bit register for signal <rxMsgRetrieve>.
    Found 1-bit register for signal <rxMsgFresh>.
    Found 1-bit register for signal <rxStateEscReg>.
    Found 8-bit register for signal <rxUnldBuf>.
    Found 8-bit register for signal <rxDecBuf>.
    Found 8-bit register for signal <nDataBytes>.
    Found 8-bit register for signal <nBytesRcvd>.
    Found 8-bit register for signal <ledOutBuf>.
    Found 80-bit register for signal <n0124[79:0]>.
    Found 6-bit register for signal <rxDecState>.
    Found 4-bit register for signal <ledMsgInd>.
    Found 2-bit register for signal <rxUnldState>.
    Found finite state machine <FSM_0> for signal <rxDecState>.
    -----------------------------------------------------------------------
    | States             | 6                                              |
    | Transitions        | 34                                             |
    | Inputs             | 7                                              |
    | Outputs            | 5                                              |
    | Clock              | ct_rxclk (rising_edge)                         |
    | Reset              | reset (negative)                               |
    | Reset type         | asynchronous                                   |
    | Reset State        | 010000                                         |
    | Encoding           | auto                                           |
    | Implementation     | LUT                                            |
    -----------------------------------------------------------------------
    Found finite state machine <FSM_1> for signal <rxUnldState>.
    -----------------------------------------------------------------------
    | States             | 3                                              |
    | Transitions        | 4                                              |
    | Inputs             | 1                                              |
    | Outputs            | 5                                              |
    | Clock              | ct_rxclk (rising_edge)                         |
    | Reset              | reset (negative)                               |
    | Reset type         | asynchronous                                   |
    | Reset State        | 01                                             |
    | Encoding           | auto                                           |
    | Implementation     | LUT                                            |
    -----------------------------------------------------------------------
    Found 9-bit subtractor for signal <GND_2_o_GND_2_o_sub_14_OUT> created at line 394.
    Found 9-bit subtractor for signal <GND_2_o_GND_2_o_sub_77_OUT> created at line 605.
    Found 8-bit adder for signal <nBytesRcvd[7]_GND_2_o_add_38_OUT> created at line 531.
    Found 4-bit adder for signal <ledMsgInd[3]_GND_2_o_add_78_OUT> created at line 608.
    Found 8-bit 10-to-1 multiplexer for signal <ledMsgInd[3]_X_2_o_wide_mux_80_OUT> created at line 611.
    Found 32-bit comparator greater for signal <GND_2_o_GND_2_o_LessThan_15_o> created at line 394
    Found 8-bit comparator greater for signal <nBytesRcvd[7]_GND_2_o_LessThan_16_o> created at line 394
    Found 8-bit comparator lessequal for signal <n0063> created at line 532
    Found 32-bit comparator lessequal for signal <n0107> created at line 605
    Summary:
	inferred   4 Adder/Subtractor(s).
	inferred 128 D-type flip-flop(s).
	inferred   4 Comparator(s).
	inferred  26 Multiplexer(s).
	inferred   2 Finite State Machine(s).
Unit <ClockBaseTop> synthesized.

Synthesizing Unit <uart>.
    Related source file is "C:\Users\Crazyfingers\Documents\Atlys-General\atlys-general\Shiftreg\Source\UART.v".
    Found 1-bit register for signal <tx_out>.
    Found 1-bit register for signal <rx_d1>.
    Found 1-bit register for signal <rx_d2>.
    Found 1-bit register for signal <rx_empty>.
    Found 8-bit register for signal <rx_data>.
    Found 8-bit register for signal <rx_reg>.
    Found 4-bit register for signal <rx_sample_cnt>.
    Found 4-bit register for signal <rx_cnt>.
    Found 1-bit register for signal <rx_busy>.
    Found 5-bit subtractor for signal <GND_3_o_GND_3_o_sub_11_OUT> created at line 115.
    Found 4-bit adder for signal <rx_sample_cnt[3]_GND_3_o_add_3_OUT> created at line 106.
    Found 4-bit adder for signal <rx_cnt[3]_GND_3_o_add_7_OUT> created at line 112.
    Found 4-bit comparator greater for signal <GND_3_o_rx_cnt[3]_LessThan_9_o> created at line 114
    Found 4-bit comparator greater for signal <rx_cnt[3]_PWR_3_o_LessThan_10_o> created at line 114
    Found 32-bit comparator lessequal for signal <n0019> created at line 115
    Summary:
	inferred   3 Adder/Subtractor(s).
	inferred  29 D-type flip-flop(s).
	inferred   3 Comparator(s).
	inferred  19 Multiplexer(s).
Unit <uart> synthesized.

Synthesizing Unit <ClockDivider_1>.
    Related source file is "C:\Users\Crazyfingers\Documents\Atlys-General\atlys-general\Shiftreg\Source\ClockDivider.v".
        divval = 32'b00000000000000011000011010100000
    Found 1-bit register for signal <clk_out>.
    Found 32-bit register for signal <cntr>.
    Found 32-bit adder for signal <cntr[31]_GND_5_o_add_2_OUT> created at line 45.
    Summary:
	inferred   1 Adder/Subtractor(s).
	inferred  33 D-type flip-flop(s).
	inferred   1 Multiplexer(s).
Unit <ClockDivider_1> synthesized.

Synthesizing Unit <ClockDivider_2>.
    Related source file is "C:\Users\Crazyfingers\Documents\Atlys-General\atlys-general\Shiftreg\Source\ClockDivider.v".
        divval = 52
    Found 1-bit register for signal <clk_out>.
    Found 32-bit register for signal <cntr>.
    Found 32-bit adder for signal <cntr[31]_GND_6_o_add_2_OUT> created at line 45.
    Summary:
	inferred   1 Adder/Subtractor(s).
	inferred  33 D-type flip-flop(s).
	inferred   1 Multiplexer(s).
Unit <ClockDivider_2> synthesized.

Synthesizing Unit <MessageHandler>.
    Related source file is "C:\Users\Crazyfingers\Documents\Atlys-General\atlys-general\Shiftreg\MessageHandler.v".
        DEV_DOTMTX = 4'b1010
        DMTX_EN = 4'b1000
        DMTX_DIS = 4'b0100
        DMTX_SET = 4'b1100
        DMTX_WON = 4'b0011
        DMTX_WOFF = 4'b0001
    Found 5-bit register for signal <DMcolAddr>.
    Found 7-bit register for signal <DMrowin>.
    Found 1-bit register for signal <DMwrite>.
    Found 1-bit register for signal <DMenable>.
    Summary:
	inferred  14 D-type flip-flop(s).
	inferred   1 Multiplexer(s).
Unit <MessageHandler> synthesized.

Synthesizing Unit <DotController>.
    Related source file is "C:\Users\Crazyfingers\Documents\Atlys-General\atlys-general\Shiftreg\Source\DotDriver.v".
    Found 7-bit register for signal <rowOut>.
    Found 5-bit register for signal <colOut>.
    Found 5-bit register for signal <colState>.
    Found 35-bit register for signal <n0057[34:0]>.
    Found 5-bit adder for signal <colState[4]_GND_8_o_add_3_OUT> created at line 128.
    Found 8x5-bit Read Only RAM for signal <colState[2]_X_7_o_wide_mux_1_OUT>
    Found 7-bit 5-to-1 multiplexer for signal <colState[2]_X_7_o_wide_mux_0_OUT> created at line 122.
    Found 5-bit comparator greater for signal <colState[4]_GND_8_o_LessThan_3_o> created at line 127
    Found 5-bit comparator lessequal for signal <n0036> created at line 159
    Summary:
	inferred   1 RAM(s).
	inferred   1 Adder/Subtractor(s).
	inferred  52 D-type flip-flop(s).
	inferred   2 Comparator(s).
	inferred   7 Multiplexer(s).
Unit <DotController> synthesized.

=========================================================================
HDL Synthesis Report

Macro Statistics
# RAMs                                                 : 1
 8x5-bit single-port Read Only RAM                     : 1
# Adders/Subtractors                                   : 10
 32-bit adder                                          : 2
 4-bit adder                                           : 3
 5-bit adder                                           : 1
 5-bit subtractor                                      : 1
 8-bit adder                                           : 1
 9-bit subtractor                                      : 2
# Registers                                            : 32
 1-bit register                                        : 13
 32-bit register                                       : 2
 35-bit register                                       : 1
 4-bit register                                        : 3
 5-bit register                                        : 3
 7-bit register                                        : 2
 8-bit register                                        : 7
 80-bit register                                       : 1
# Comparators                                          : 9
 32-bit comparator greater                             : 1
 32-bit comparator lessequal                           : 2
 4-bit comparator greater                              : 2
 5-bit comparator greater                              : 1
 5-bit comparator lessequal                            : 1
 8-bit comparator greater                              : 1
 8-bit comparator lessequal                            : 1
# Multiplexers                                         : 56
 1-bit 2-to-1 multiplexer                              : 25
 32-bit 2-to-1 multiplexer                             : 2
 4-bit 2-to-1 multiplexer                              : 5
 5-bit 2-to-1 multiplexer                              : 1
 7-bit 2-to-1 multiplexer                              : 5
 7-bit 5-to-1 multiplexer                              : 1
 8-bit 10-to-1 multiplexer                             : 1
 8-bit 2-to-1 multiplexer                              : 14
 80-bit 2-to-1 multiplexer                             : 2
# FSMs                                                 : 2

=========================================================================

=========================================================================
*                       Advanced HDL Synthesis                          *
=========================================================================

WARNING:Xst:1710 - FF/Latch <ledMsgInd_0> (without init value) has a constant value of 0 in block <clockbasetop>. This FF/Latch will be trimmed during the optimization process.
WARNING:Xst:1710 - FF/Latch <ledMsgInd_1> (without init value) has a constant value of 0 in block <clockbasetop>. This FF/Latch will be trimmed during the optimization process.
WARNING:Xst:1710 - FF/Latch <ledMsgInd_2> (without init value) has a constant value of 0 in block <clockbasetop>. This FF/Latch will be trimmed during the optimization process.
WARNING:Xst:1710 - FF/Latch <ledMsgInd_3> (without init value) has a constant value of 0 in block <clockbasetop>. This FF/Latch will be trimmed during the optimization process.
WARNING:Xst:1710 - FF/Latch <ledOutBuf_0> (without init value) has a constant value of 0 in block <clockbasetop>. This FF/Latch will be trimmed during the optimization process.
WARNING:Xst:1710 - FF/Latch <ledOutBuf_1> (without init value) has a constant value of 0 in block <clockbasetop>. This FF/Latch will be trimmed during the optimization process.
WARNING:Xst:1710 - FF/Latch <ledOutBuf_2> (without init value) has a constant value of 0 in block <clockbasetop>. This FF/Latch will be trimmed during the optimization process.
WARNING:Xst:1710 - FF/Latch <ledOutBuf_3> (without init value) has a constant value of 0 in block <clockbasetop>. This FF/Latch will be trimmed during the optimization process.
WARNING:Xst:1710 - FF/Latch <ledOutBuf_4> (without init value) has a constant value of 0 in block <clockbasetop>. This FF/Latch will be trimmed during the optimization process.
WARNING:Xst:1710 - FF/Latch <ledOutBuf_5> (without init value) has a constant value of 0 in block <clockbasetop>. This FF/Latch will be trimmed during the optimization process.
WARNING:Xst:1710 - FF/Latch <ledOutBuf_6> (without init value) has a constant value of 0 in block <clockbasetop>. This FF/Latch will be trimmed during the optimization process.
WARNING:Xst:1710 - FF/Latch <ledOutBuf_7> (without init value) has a constant value of 0 in block <clockbasetop>. This FF/Latch will be trimmed during the optimization process.

Synthesizing (advanced) Unit <ClockBaseTop>.
The following registers are absorbed into counter <ledMsgInd>: 1 register on signal <ledMsgInd>.
The following registers are absorbed into counter <nBytesRcvd>: 1 register on signal <nBytesRcvd>.
Unit <ClockBaseTop> synthesized (advanced).

Synthesizing (advanced) Unit <ClockDivider_1>.
The following registers are absorbed into counter <cntr>: 1 register on signal <cntr>.
Unit <ClockDivider_1> synthesized (advanced).

Synthesizing (advanced) Unit <ClockDivider_2>.
The following registers are absorbed into counter <cntr>: 1 register on signal <cntr>.
Unit <ClockDivider_2> synthesized (advanced).

Synthesizing (advanced) Unit <DotController>.
The following registers are absorbed into counter <colState>: 1 register on signal <colState>.
INFO:Xst:3217 - HDL ADVISOR - Register <colOut> currently described with an asynchronous reset, could be combined with distributed RAM <Mram_colState[2]_X_7_o_wide_mux_1_OUT> for implementation on block RAM resources if you made this reset synchronous instead.
    -----------------------------------------------------------------------
    | ram_type           | Distributed                         |          |
    -----------------------------------------------------------------------
    | Port A                                                              |
    |     aspect ratio   | 8-word x 5-bit                      |          |
    |     weA            | connected to signal <GND>           | high     |
    |     addrA          | connected to signal <colState<2:0>> |          |
    |     diA            | connected to signal <GND>           |          |
    |     doA            | connected to internal node          |          |
    -----------------------------------------------------------------------
Unit <DotController> synthesized (advanced).

Synthesizing (advanced) Unit <uart>.
The following registers are absorbed into counter <rx_sample_cnt>: 1 register on signal <rx_sample_cnt>.
Unit <uart> synthesized (advanced).

=========================================================================
Advanced HDL Synthesis Report

Macro Statistics
# RAMs                                                 : 1
 8x5-bit single-port distributed Read Only RAM         : 1
# Adders/Subtractors                                   : 5
 4-bit adder                                           : 2
 5-bit subtractor                                      : 1
 9-bit subtractor                                      : 2
# Counters                                             : 6
 32-bit up counter                                     : 2
 4-bit up counter                                      : 2
 5-bit up counter                                      : 1
 8-bit up counter                                      : 1
# Registers                                            : 204
 Flip-Flops                                            : 204
# Comparators                                          : 9
 32-bit comparator greater                             : 1
 32-bit comparator lessequal                           : 2
 4-bit comparator greater                              : 2
 5-bit comparator greater                              : 1
 5-bit comparator lessequal                            : 1
 8-bit comparator greater                              : 1
 8-bit comparator lessequal                            : 1
# Multiplexers                                         : 92
 1-bit 10-to-1 multiplexer                             : 8
 1-bit 2-to-1 multiplexer                              : 58
 1-bit 5-to-1 multiplexer                              : 7
 4-bit 2-to-1 multiplexer                              : 4
 8-bit 2-to-1 multiplexer                              : 13
 80-bit 2-to-1 multiplexer                             : 2
# FSMs                                                 : 2

=========================================================================

=========================================================================
*                         Low Level Synthesis                           *
=========================================================================
WARNING:Xst:1710 - FF/Latch <ledOutBuf_0> (without init value) has a constant value of 0 in block <ClockBaseTop>. This FF/Latch will be trimmed during the optimization process.
WARNING:Xst:1710 - FF/Latch <ledOutBuf_1> (without init value) has a constant value of 0 in block <ClockBaseTop>. This FF/Latch will be trimmed during the optimization process.
WARNING:Xst:1710 - FF/Latch <ledOutBuf_2> (without init value) has a constant value of 0 in block <ClockBaseTop>. This FF/Latch will be trimmed during the optimization process.
WARNING:Xst:1710 - FF/Latch <ledOutBuf_3> (without init value) has a constant value of 0 in block <ClockBaseTop>. This FF/Latch will be trimmed during the optimization process.
WARNING:Xst:1710 - FF/Latch <ledOutBuf_4> (without init value) has a constant value of 0 in block <ClockBaseTop>. This FF/Latch will be trimmed during the optimization process.
WARNING:Xst:1710 - FF/Latch <ledOutBuf_5> (without init value) has a constant value of 0 in block <ClockBaseTop>. This FF/Latch will be trimmed during the optimization process.
WARNING:Xst:1710 - FF/Latch <ledOutBuf_6> (without init value) has a constant value of 0 in block <ClockBaseTop>. This FF/Latch will be trimmed during the optimization process.
WARNING:Xst:1710 - FF/Latch <ledOutBuf_7> (without init value) has a constant value of 0 in block <ClockBaseTop>. This FF/Latch will be trimmed during the optimization process.
WARNING:Xst:1710 - FF/Latch <tx_out> (without init value) has a constant value of 1 in block <uart>. This FF/Latch will be trimmed during the optimization process.
Analyzing FSM <MFsm> for best encoding.
Optimizing FSM <clockbasetop/FSM_1> on signal <rxUnldState[1:2]> with sequential encoding.
-------------------
 State | Encoding
-------------------
 01    | 00
 11    | 01
 10    | 10
-------------------
Analyzing FSM <MFsm> for best encoding.
Optimizing FSM <clockbasetop/FSM_0> on signal <rxDecState[1:3]> with gray encoding.
--------------------
 State  | Encoding
--------------------
 010000 | 000
 100000 | 001
 001000 | 011
 000100 | 010
 000010 | 110
 000001 | 111
--------------------
WARNING:Xst:2677 - Node <msgData_0_32> of sequential type is unconnected in block <ClockBaseTop>.
WARNING:Xst:2677 - Node <msgData_0_33> of sequential type is unconnected in block <ClockBaseTop>.
WARNING:Xst:2677 - Node <msgData_0_34> of sequential type is unconnected in block <ClockBaseTop>.
WARNING:Xst:2677 - Node <msgData_0_35> of sequential type is unconnected in block <ClockBaseTop>.
WARNING:Xst:2677 - Node <msgData_0_36> of sequential type is unconnected in block <ClockBaseTop>.
WARNING:Xst:2677 - Node <msgData_0_37> of sequential type is unconnected in block <ClockBaseTop>.
WARNING:Xst:2677 - Node <msgData_0_38> of sequential type is unconnected in block <ClockBaseTop>.
WARNING:Xst:2677 - Node <msgData_0_39> of sequential type is unconnected in block <ClockBaseTop>.
WARNING:Xst:2677 - Node <msgData_0_40> of sequential type is unconnected in block <ClockBaseTop>.
WARNING:Xst:2677 - Node <msgData_0_41> of sequential type is unconnected in block <ClockBaseTop>.
WARNING:Xst:2677 - Node <msgData_0_42> of sequential type is unconnected in block <ClockBaseTop>.
WARNING:Xst:2677 - Node <msgData_0_43> of sequential type is unconnected in block <ClockBaseTop>.
WARNING:Xst:2677 - Node <msgData_0_44> of sequential type is unconnected in block <ClockBaseTop>.
WARNING:Xst:2677 - Node <msgData_0_45> of sequential type is unconnected in block <ClockBaseTop>.
WARNING:Xst:2677 - Node <msgData_0_46> of sequential type is unconnected in block <ClockBaseTop>.
WARNING:Xst:2677 - Node <msgData_0_47> of sequential type is unconnected in block <ClockBaseTop>.
WARNING:Xst:2677 - Node <msgData_0_48> of sequential type is unconnected in block <ClockBaseTop>.
WARNING:Xst:2677 - Node <msgData_0_49> of sequential type is unconnected in block <ClockBaseTop>.
WARNING:Xst:2677 - Node <msgData_0_50> of sequential type is unconnected in block <ClockBaseTop>.
WARNING:Xst:2677 - Node <msgData_0_51> of sequential type is unconnected in block <ClockBaseTop>.
WARNING:Xst:2677 - Node <msgData_0_52> of sequential type is unconnected in block <ClockBaseTop>.
WARNING:Xst:2677 - Node <msgData_0_53> of sequential type is unconnected in block <ClockBaseTop>.
WARNING:Xst:2677 - Node <msgData_0_54> of sequential type is unconnected in block <ClockBaseTop>.
WARNING:Xst:2677 - Node <msgData_0_55> of sequential type is unconnected in block <ClockBaseTop>.
WARNING:Xst:2677 - Node <msgData_0_56> of sequential type is unconnected in block <ClockBaseTop>.
WARNING:Xst:2677 - Node <msgData_0_57> of sequential type is unconnected in block <ClockBaseTop>.
WARNING:Xst:2677 - Node <msgData_0_58> of sequential type is unconnected in block <ClockBaseTop>.
WARNING:Xst:2677 - Node <msgData_0_59> of sequential type is unconnected in block <ClockBaseTop>.
WARNING:Xst:2677 - Node <msgData_0_60> of sequential type is unconnected in block <ClockBaseTop>.
WARNING:Xst:2677 - Node <msgData_0_61> of sequential type is unconnected in block <ClockBaseTop>.
WARNING:Xst:2677 - Node <msgData_0_62> of sequential type is unconnected in block <ClockBaseTop>.
WARNING:Xst:2677 - Node <msgData_0_63> of sequential type is unconnected in block <ClockBaseTop>.
WARNING:Xst:2677 - Node <msgData_0_64> of sequential type is unconnected in block <ClockBaseTop>.
WARNING:Xst:2677 - Node <msgData_0_65> of sequential type is unconnected in block <ClockBaseTop>.
WARNING:Xst:2677 - Node <msgData_0_66> of sequential type is unconnected in block <ClockBaseTop>.
WARNING:Xst:2677 - Node <msgData_0_67> of sequential type is unconnected in block <ClockBaseTop>.
WARNING:Xst:2677 - Node <msgData_0_68> of sequential type is unconnected in block <ClockBaseTop>.
WARNING:Xst:2677 - Node <msgData_0_69> of sequential type is unconnected in block <ClockBaseTop>.
WARNING:Xst:2677 - Node <msgData_0_70> of sequential type is unconnected in block <ClockBaseTop>.
WARNING:Xst:2677 - Node <msgData_0_71> of sequential type is unconnected in block <ClockBaseTop>.
WARNING:Xst:2677 - Node <msgData_0_72> of sequential type is unconnected in block <ClockBaseTop>.
WARNING:Xst:2677 - Node <msgData_0_73> of sequential type is unconnected in block <ClockBaseTop>.
WARNING:Xst:2677 - Node <msgData_0_74> of sequential type is unconnected in block <ClockBaseTop>.
WARNING:Xst:2677 - Node <msgData_0_75> of sequential type is unconnected in block <ClockBaseTop>.
WARNING:Xst:2677 - Node <msgData_0_76> of sequential type is unconnected in block <ClockBaseTop>.
WARNING:Xst:2677 - Node <msgData_0_77> of sequential type is unconnected in block <ClockBaseTop>.
WARNING:Xst:2677 - Node <msgData_0_78> of sequential type is unconnected in block <ClockBaseTop>.
WARNING:Xst:2677 - Node <msgData_0_79> of sequential type is unconnected in block <ClockBaseTop>.

Optimizing unit <CBIOWrapper> ...

Optimizing unit <ClockBaseTop> ...

Optimizing unit <uart> ...

Optimizing unit <MessageHandler> ...

Optimizing unit <DotController> ...
WARNING:Xst:1710 - FF/Latch <colState_3> (without init value) has a constant value of 0 in block <DotController>. This FF/Latch will be trimmed during the optimization process.
WARNING:Xst:1895 - Due to other FF/Latch trimming, FF/Latch <colState_4> (without init value) has a constant value of 0 in block <DotController>. This FF/Latch will be trimmed during the optimization process.
WARNING:Xst:1710 - FF/Latch <colState_3> (without init value) has a constant value of 0 in block <DotController>. This FF/Latch will be trimmed during the optimization process.
WARNING:Xst:1895 - Due to other FF/Latch trimming, FF/Latch <colState_4> (without init value) has a constant value of 0 in block <DotController>. This FF/Latch will be trimmed during the optimization process.
INFO:Xst:2261 - The FF/Latch <colOut_1> in Unit <DotController> is equivalent to the following FF/Latch, which will be removed : <colState_2> 
WARNING:Xst:2677 - Node <clockbasetop/msgData_0_31> of sequential type is unconnected in block <CBIOWrapper>.
WARNING:Xst:2677 - Node <clockbasetop/msgData_0_30> of sequential type is unconnected in block <CBIOWrapper>.
WARNING:Xst:2677 - Node <clockbasetop/msgData_0_29> of sequential type is unconnected in block <CBIOWrapper>.
WARNING:Xst:2677 - Node <clockbasetop/msgData_0_28> of sequential type is unconnected in block <CBIOWrapper>.
WARNING:Xst:2677 - Node <clockbasetop/msgData_0_27> of sequential type is unconnected in block <CBIOWrapper>.
WARNING:Xst:2677 - Node <clockbasetop/msgData_0_26> of sequential type is unconnected in block <CBIOWrapper>.
WARNING:Xst:2677 - Node <clockbasetop/msgData_0_25> of sequential type is unconnected in block <CBIOWrapper>.
WARNING:Xst:2677 - Node <clockbasetop/msgData_0_24> of sequential type is unconnected in block <CBIOWrapper>.
WARNING:Xst:2677 - Node <clockbasetop/msgData_0_23> of sequential type is unconnected in block <CBIOWrapper>.
WARNING:Xst:2677 - Node <clockbasetop/msgData_0_15> of sequential type is unconnected in block <CBIOWrapper>.
WARNING:Xst:2677 - Node <clockbasetop/msgData_0_14> of sequential type is unconnected in block <CBIOWrapper>.
WARNING:Xst:2677 - Node <clockbasetop/msgData_0_13> of sequential type is unconnected in block <CBIOWrapper>.
WARNING:Xst:1710 - FF/Latch <clockbasetop/RXclkdiv/cntr_25> (without init value) has a constant value of 0 in block <CBIOWrapper>. This FF/Latch will be trimmed during the optimization process.
WARNING:Xst:1895 - Due to other FF/Latch trimming, FF/Latch <clockbasetop/RXclkdiv/cntr_24> (without init value) has a constant value of 0 in block <CBIOWrapper>. This FF/Latch will be trimmed during the optimization process.
WARNING:Xst:1895 - Due to other FF/Latch trimming, FF/Latch <clockbasetop/RXclkdiv/cntr_23> (without init value) has a constant value of 0 in block <CBIOWrapper>. This FF/Latch will be trimmed during the optimization process.
WARNING:Xst:1895 - Due to other FF/Latch trimming, FF/Latch <clockbasetop/RXclkdiv/cntr_22> (without init value) has a constant value of 0 in block <CBIOWrapper>. This FF/Latch will be trimmed during the optimization process.
WARNING:Xst:1895 - Due to other FF/Latch trimming, FF/Latch <clockbasetop/RXclkdiv/cntr_21> (without init value) has a constant value of 0 in block <CBIOWrapper>. This FF/Latch will be trimmed during the optimization process.
WARNING:Xst:1895 - Due to other FF/Latch trimming, FF/Latch <clockbasetop/RXclkdiv/cntr_20> (without init value) has a constant value of 0 in block <CBIOWrapper>. This FF/Latch will be trimmed during the optimization process.
WARNING:Xst:1895 - Due to other FF/Latch trimming, FF/Latch <clockbasetop/RXclkdiv/cntr_19> (without init value) has a constant value of 0 in block <CBIOWrapper>. This FF/Latch will be trimmed during the optimization process.
WARNING:Xst:1895 - Due to other FF/Latch trimming, FF/Latch <clockbasetop/RXclkdiv/cntr_18> (without init value) has a constant value of 0 in block <CBIOWrapper>. This FF/Latch will be trimmed during the optimization process.
WARNING:Xst:1895 - Due to other FF/Latch trimming, FF/Latch <clockbasetop/RXclkdiv/cntr_17> (without init value) has a constant value of 0 in block <CBIOWrapper>. This FF/Latch will be trimmed during the optimization process.
WARNING:Xst:1895 - Due to other FF/Latch trimming, FF/Latch <clockbasetop/RXclkdiv/cntr_16> (without init value) has a constant value of 0 in block <CBIOWrapper>. This FF/Latch will be trimmed during the optimization process.
WARNING:Xst:1895 - Due to other FF/Latch trimming, FF/Latch <clockbasetop/RXclkdiv/cntr_15> (without init value) has a constant value of 0 in block <CBIOWrapper>. This FF/Latch will be trimmed during the optimization process.
WARNING:Xst:1895 - Due to other FF/Latch trimming, FF/Latch <clockbasetop/RXclkdiv/cntr_14> (without init value) has a constant value of 0 in block <CBIOWrapper>. This FF/Latch will be trimmed during the optimization process.
WARNING:Xst:1895 - Due to other FF/Latch trimming, FF/Latch <clockbasetop/RXclkdiv/cntr_13> (without init value) has a constant value of 0 in block <CBIOWrapper>. This FF/Latch will be trimmed during the optimization process.
WARNING:Xst:1895 - Due to other FF/Latch trimming, FF/Latch <clockbasetop/RXclkdiv/cntr_12> (without init value) has a constant value of 0 in block <CBIOWrapper>. This FF/Latch will be trimmed during the optimization process.
WARNING:Xst:1895 - Due to other FF/Latch trimming, FF/Latch <clockbasetop/RXclkdiv/cntr_11> (without init value) has a constant value of 0 in block <CBIOWrapper>. This FF/Latch will be trimmed during the optimization process.
WARNING:Xst:1895 - Due to other FF/Latch trimming, FF/Latch <clockbasetop/RXclkdiv/cntr_10> (without init value) has a constant value of 0 in block <CBIOWrapper>. This FF/Latch will be trimmed during the optimization process.
WARNING:Xst:1895 - Due to other FF/Latch trimming, FF/Latch <clockbasetop/RXclkdiv/cntr_9> (without init value) has a constant value of 0 in block <CBIOWrapper>. This FF/Latch will be trimmed during the optimization process.
WARNING:Xst:1895 - Due to other FF/Latch trimming, FF/Latch <clockbasetop/RXclkdiv/cntr_8> (without init value) has a constant value of 0 in block <CBIOWrapper>. This FF/Latch will be trimmed during the optimization process.
WARNING:Xst:1895 - Due to other FF/Latch trimming, FF/Latch <clockbasetop/RXclkdiv/cntr_7> (without init value) has a constant value of 0 in block <CBIOWrapper>. This FF/Latch will be trimmed during the optimization process.
WARNING:Xst:1895 - Due to other FF/Latch trimming, FF/Latch <clockbasetop/RXclkdiv/cntr_6> (without init value) has a constant value of 0 in block <CBIOWrapper>. This FF/Latch will be trimmed during the optimization process.
WARNING:Xst:1895 - Due to other FF/Latch trimming, FF/Latch <clockbasetop/SRclkdiv/cntr_31> (without init value) has a constant value of 0 in block <CBIOWrapper>. This FF/Latch will be trimmed during the optimization process.
WARNING:Xst:1895 - Due to other FF/Latch trimming, FF/Latch <clockbasetop/SRclkdiv/cntr_30> (without init value) has a constant value of 0 in block <CBIOWrapper>. This FF/Latch will be trimmed during the optimization process.
WARNING:Xst:1895 - Due to other FF/Latch trimming, FF/Latch <clockbasetop/SRclkdiv/cntr_29> (without init value) has a constant value of 0 in block <CBIOWrapper>. This FF/Latch will be trimmed during the optimization process.
WARNING:Xst:1895 - Due to other FF/Latch trimming, FF/Latch <clockbasetop/SRclkdiv/cntr_28> (without init value) has a constant value of 0 in block <CBIOWrapper>. This FF/Latch will be trimmed during the optimization process.
WARNING:Xst:1895 - Due to other FF/Latch trimming, FF/Latch <clockbasetop/SRclkdiv/cntr_27> (without init value) has a constant value of 0 in block <CBIOWrapper>. This FF/Latch will be trimmed during the optimization process.
WARNING:Xst:1895 - Due to other FF/Latch trimming, FF/Latch <clockbasetop/SRclkdiv/cntr_26> (without init value) has a constant value of 0 in block <CBIOWrapper>. This FF/Latch will be trimmed during the optimization process.
WARNING:Xst:1895 - Due to other FF/Latch trimming, FF/Latch <clockbasetop/SRclkdiv/cntr_25> (without init value) has a constant value of 0 in block <CBIOWrapper>. This FF/Latch will be trimmed during the optimization process.
WARNING:Xst:1895 - Due to other FF/Latch trimming, FF/Latch <clockbasetop/SRclkdiv/cntr_24> (without init value) has a constant value of 0 in block <CBIOWrapper>. This FF/Latch will be trimmed during the optimization process.
WARNING:Xst:1895 - Due to other FF/Latch trimming, FF/Latch <clockbasetop/SRclkdiv/cntr_23> (without init value) has a constant value of 0 in block <CBIOWrapper>. This FF/Latch will be trimmed during the optimization process.
WARNING:Xst:1895 - Due to other FF/Latch trimming, FF/Latch <clockbasetop/SRclkdiv/cntr_22> (without init value) has a constant value of 0 in block <CBIOWrapper>. This FF/Latch will be trimmed during the optimization process.
WARNING:Xst:1895 - Due to other FF/Latch trimming, FF/Latch <clockbasetop/SRclkdiv/cntr_21> (without init value) has a constant value of 0 in block <CBIOWrapper>. This FF/Latch will be trimmed during the optimization process.
WARNING:Xst:1895 - Due to other FF/Latch trimming, FF/Latch <clockbasetop/SRclkdiv/cntr_20> (without init value) has a constant value of 0 in block <CBIOWrapper>. This FF/Latch will be trimmed during the optimization process.
WARNING:Xst:1895 - Due to other FF/Latch trimming, FF/Latch <clockbasetop/SRclkdiv/cntr_19> (without init value) has a constant value of 0 in block <CBIOWrapper>. This FF/Latch will be trimmed during the optimization process.
WARNING:Xst:1895 - Due to other FF/Latch trimming, FF/Latch <clockbasetop/SRclkdiv/cntr_18> (without init value) has a constant value of 0 in block <CBIOWrapper>. This FF/Latch will be trimmed during the optimization process.
WARNING:Xst:1895 - Due to other FF/Latch trimming, FF/Latch <clockbasetop/SRclkdiv/cntr_17> (without init value) has a constant value of 0 in block <CBIOWrapper>. This FF/Latch will be trimmed during the optimization process.
WARNING:Xst:1895 - Due to other FF/Latch trimming, FF/Latch <clockbasetop/RXclkdiv/cntr_31> (without init value) has a constant value of 0 in block <CBIOWrapper>. This FF/Latch will be trimmed during the optimization process.
WARNING:Xst:1895 - Due to other FF/Latch trimming, FF/Latch <clockbasetop/RXclkdiv/cntr_30> (without init value) has a constant value of 0 in block <CBIOWrapper>. This FF/Latch will be trimmed during the optimization process.
WARNING:Xst:1895 - Due to other FF/Latch trimming, FF/Latch <clockbasetop/RXclkdiv/cntr_29> (without init value) has a constant value of 0 in block <CBIOWrapper>. This FF/Latch will be trimmed during the optimization process.
WARNING:Xst:1895 - Due to other FF/Latch trimming, FF/Latch <clockbasetop/RXclkdiv/cntr_28> (without init value) has a constant value of 0 in block <CBIOWrapper>. This FF/Latch will be trimmed during the optimization process.
WARNING:Xst:1895 - Due to other FF/Latch trimming, FF/Latch <clockbasetop/RXclkdiv/cntr_27> (without init value) has a constant value of 0 in block <CBIOWrapper>. This FF/Latch will be trimmed during the optimization process.
WARNING:Xst:1895 - Due to other FF/Latch trimming, FF/Latch <clockbasetop/RXclkdiv/cntr_26> (without init value) has a constant value of 0 in block <CBIOWrapper>. This FF/Latch will be trimmed during the optimization process.

Mapping all equations...
Building and optimizing final netlist ...
Found area constraint ratio of 100 (+ 5) on block CBIOWrapper, actual ratio is 1.
FlipFlop clockbasetop/rxDecBuf_7 has been replicated 1 time(s)
FlipFlop clockbasetop/rxDecState_FSM_FFd3 has been replicated 1 time(s)
FlipFlop clockbasetop/rxStateEscReg has been replicated 1 time(s)

Final Macro Processing ...

=========================================================================
Final Register Report

Macro Statistics
# Registers                                            : 180
 Flip-Flops                                            : 180

=========================================================================

=========================================================================
*                           Partition Report                            *
=========================================================================

Partition Implementation Status
-------------------------------

  No Partitions were found in this design.

-------------------------------

=========================================================================
*                            Design Summary                             *
=========================================================================

Top Level Output File Name         : CBIOWrapper.ngc

Primitive and Black Box Usage:
------------------------------
# BELS                             : 326
#      GND                         : 1
#      INV                         : 3
#      LUT1                        : 21
#      LUT2                        : 21
#      LUT3                        : 59
#      LUT4                        : 38
#      LUT5                        : 18
#      LUT6                        : 105
#      MUXCY                       : 28
#      VCC                         : 1
#      XORCY                       : 31
# FlipFlops/Latches                : 180
#      FDC                         : 47
#      FDCE                        : 130
#      FDP                         : 3
# Clock Buffers                    : 2
#      BUFG                        : 1
#      BUFGP                       : 1
# IO Buffers                       : 22
#      IBUF                        : 2
#      OBUF                        : 20

Device utilization summary:
---------------------------

Selected Device : 6slx45csg324-2 


Slice Logic Utilization: 
 Number of Slice Registers:             180  out of  54576     0%  
 Number of Slice LUTs:                  265  out of  27288     0%  
    Number used as Logic:               265  out of  27288     0%  

Slice Logic Distribution: 
 Number of LUT Flip Flop pairs used:    304
   Number with an unused Flip Flop:     124  out of    304    40%  
   Number with an unused LUT:            39  out of    304    12%  
   Number of fully used LUT-FF pairs:   141  out of    304    46%  
   Number of unique control sets:        14

IO Utilization: 
 Number of IOs:                          31
 Number of bonded IOBs:                  23  out of    218    10%  

Specific Feature Utilization:
 Number of BUFG/BUFGCTRLs:                2  out of     16    12%  

---------------------------
Partition Resource Summary:
---------------------------

  No Partitions were found in this design.

---------------------------


=========================================================================
Timing Report

NOTE: THESE TIMING NUMBERS ARE ONLY A SYNTHESIS ESTIMATE.
      FOR ACCURATE TIMING INFORMATION PLEASE REFER TO THE TRACE REPORT
      GENERATED AFTER PLACE-and-ROUTE.

Clock Information:
------------------
-----------------------------------+--------------------------------------------+-------+
Clock Signal                       | Clock buffer(FF name)                      | Load  |
-----------------------------------+--------------------------------------------+-------+
clockbasetop/RXclkdiv/clk_out      | BUFG                                       | 141   |
CLK                                | BUFGP                                      | 25    |
clockbasetop/SRclkdiv/clk_out      | NONE(clockbasetop/dotcontroller/colState_1)| 14    |
-----------------------------------+--------------------------------------------+-------+
INFO:Xst:2169 - HDL ADVISOR - Some clock signals were not automatically buffered by XST with BUFG/BUFR resources. Please use the buffer_type constraint in order to insert these buffers to the clock signals to help prevent skew problems.

Asynchronous Control Signals Information:
----------------------------------------
No asynchronous control signals found in this design

Timing Summary:
---------------
Speed Grade: -2

   Minimum period: 5.007ns (Maximum Frequency: 199.720MHz)
   Minimum input arrival time before clock: 5.314ns
   Maximum output required time after clock: 5.554ns
   Maximum combinational path delay: 7.767ns

Timing Details:
---------------
All values displayed in nanoseconds (ns)

=========================================================================
Timing constraint: Default period analysis for Clock 'clockbasetop/RXclkdiv/clk_out'
  Clock period: 5.007ns (frequency: 199.720MHz)
  Total number of paths / destination ports: 2904 / 256
-------------------------------------------------------------------------
Delay:               5.007ns (Levels of Logic = 3)
  Source:            clockbasetop/rxDecBuf_5 (FF)
  Destination:       clockbasetop/msgData_0_12 (FF)
  Source Clock:      clockbasetop/RXclkdiv/clk_out rising
  Destination Clock: clockbasetop/RXclkdiv/clk_out rising

  Data Path: clockbasetop/rxDecBuf_5 to clockbasetop/msgData_0_12
                                Gate     Net
    Cell:in->out      fanout   Delay   Delay  Logical Name (Net Name)
    ----------------------------------------  ------------
     FDCE:C->Q            14   0.525   1.557  clockbasetop/rxDecBuf_5 (clockbasetop/rxDecBuf_5)
     LUT5:I0->O            5   0.254   0.841  clockbasetop/_n0242_inv11_SW1 (N36)
     LUT6:I5->O           11   0.254   1.267  clockbasetop/Mmux_msgData[9][7]_msgData[9][7]_mux_52_OUT1121 (clockbasetop/Mmux_msgData[9][7]_msgData[9][7]_mux_52_OUT112)
     LUT6:I3->O            1   0.235   0.000  clockbasetop/Mmux_msgData[9][7]_msgData[9][7]_mux_52_OUT801 (clockbasetop/msgData[9][7]_msgData[9][7]_mux_52_OUT<9>)
     FDCE:D                    0.074          clockbasetop/msgData_0_9
    ----------------------------------------
    Total                      5.007ns (1.342ns logic, 3.665ns route)
                                       (26.8% logic, 73.2% route)

=========================================================================
Timing constraint: Default period analysis for Clock 'CLK'
  Clock period: 3.732ns (frequency: 267.953MHz)
  Total number of paths / destination ports: 524 / 25
-------------------------------------------------------------------------
Delay:               3.732ns (Levels of Logic = 2)
  Source:            clockbasetop/SRclkdiv/cntr_7 (FF)
  Destination:       clockbasetop/SRclkdiv/cntr_16 (FF)
  Source Clock:      CLK rising
  Destination Clock: CLK rising

  Data Path: clockbasetop/SRclkdiv/cntr_7 to clockbasetop/SRclkdiv/cntr_16
                                Gate     Net
    Cell:in->out      fanout   Delay   Delay  Logical Name (Net Name)
    ----------------------------------------  ------------
     FDC:C->Q              2   0.525   1.181  clockbasetop/SRclkdiv/cntr_7 (clockbasetop/SRclkdiv/cntr_7)
     LUT6:I0->O           18   0.254   1.463  clockbasetop/SRclkdiv/cntr[31]_GND_5_o_equal_2_o<31>1 (clockbasetop/SRclkdiv/cntr[31]_GND_5_o_equal_2_o<31>)
     LUT4:I1->O            1   0.235   0.000  clockbasetop/SRclkdiv/Mcount_cntr_eqn_01 (clockbasetop/SRclkdiv/Mcount_cntr_eqn_0)
     FDC:D                     0.074          clockbasetop/SRclkdiv/cntr_0
    ----------------------------------------
    Total                      3.732ns (1.088ns logic, 2.644ns route)
                                       (29.2% logic, 70.8% route)

=========================================================================
Timing constraint: Default period analysis for Clock 'clockbasetop/SRclkdiv/clk_out'
  Clock period: 3.446ns (frequency: 290.192MHz)
  Total number of paths / destination ports: 39 / 14
-------------------------------------------------------------------------
Delay:               3.446ns (Levels of Logic = 2)
  Source:            clockbasetop/dotcontroller/colState_0 (FF)
  Destination:       clockbasetop/dotcontroller/rowOut_6 (FF)
  Source Clock:      clockbasetop/SRclkdiv/clk_out rising
  Destination Clock: clockbasetop/SRclkdiv/clk_out rising

  Data Path: clockbasetop/dotcontroller/colState_0 to clockbasetop/dotcontroller/rowOut_6
                                Gate     Net
    Cell:in->out      fanout   Delay   Delay  Logical Name (Net Name)
    ----------------------------------------  ------------
     FDCE:C->Q            13   0.525   1.553  clockbasetop/dotcontroller/colState_0 (clockbasetop/dotcontroller/colState_0)
     LUT6:I0->O            1   0.254   0.790  clockbasetop/dotcontroller/mux41111 (clockbasetop/dotcontroller/mux4111)
     LUT3:I1->O            1   0.250   0.000  clockbasetop/dotcontroller/mux41112 (clockbasetop/dotcontroller/colState[2]_X_7_o_wide_mux_0_OUT<6>)
     FDCE:D                    0.074          clockbasetop/dotcontroller/rowOut_6
    ----------------------------------------
    Total                      3.446ns (1.103ns logic, 2.343ns route)
                                       (32.0% logic, 68.0% route)

=========================================================================
Timing constraint: Default OFFSET IN BEFORE for Clock 'clockbasetop/RXclkdiv/clk_out'
  Total number of paths / destination ports: 142 / 142
-------------------------------------------------------------------------
Offset:              5.314ns (Levels of Logic = 2)
  Source:            btn (PAD)
  Destination:       clockbasetop/rxUnldState_FSM_FFd1 (FF)
  Destination Clock: clockbasetop/RXclkdiv/clk_out rising

  Data Path: btn to clockbasetop/rxUnldState_FSM_FFd1
                                Gate     Net
    Cell:in->out      fanout   Delay   Delay  Logical Name (Net Name)
    ----------------------------------------  ------------
     IBUF:I->O             6   1.328   0.875  btn_IBUF (btn_IBUF)
     INV:I->O            183   0.255   2.397  Mmux_Led81_INV_0 (Led_5_OBUF)
     FDCE:CLR                  0.459          clockbasetop/msgData_0_0
    ----------------------------------------
    Total                      5.314ns (2.042ns logic, 3.272ns route)
                                       (38.4% logic, 61.6% route)

=========================================================================
Timing constraint: Default OFFSET IN BEFORE for Clock 'CLK'
  Total number of paths / destination ports: 25 / 25
-------------------------------------------------------------------------
Offset:              5.314ns (Levels of Logic = 2)
  Source:            btn (PAD)
  Destination:       clockbasetop/SRclkdiv/cntr_16 (FF)
  Destination Clock: CLK rising

  Data Path: btn to clockbasetop/SRclkdiv/cntr_16
                                Gate     Net
    Cell:in->out      fanout   Delay   Delay  Logical Name (Net Name)
    ----------------------------------------  ------------
     IBUF:I->O             6   1.328   0.875  btn_IBUF (btn_IBUF)
     INV:I->O            183   0.255   2.397  Mmux_Led81_INV_0 (Led_5_OBUF)
     FDC:CLR                   0.459          clockbasetop/RXclkdiv/cntr_0
    ----------------------------------------
    Total                      5.314ns (2.042ns logic, 3.272ns route)
                                       (38.4% logic, 61.6% route)

=========================================================================
Timing constraint: Default OFFSET IN BEFORE for Clock 'clockbasetop/SRclkdiv/clk_out'
  Total number of paths / destination ports: 14 / 14
-------------------------------------------------------------------------
Offset:              5.314ns (Levels of Logic = 2)
  Source:            btn (PAD)
  Destination:       clockbasetop/dotcontroller/colState_1 (FF)
  Destination Clock: clockbasetop/SRclkdiv/clk_out rising

  Data Path: btn to clockbasetop/dotcontroller/colState_1
                                Gate     Net
    Cell:in->out      fanout   Delay   Delay  Logical Name (Net Name)
    ----------------------------------------  ------------
     IBUF:I->O             6   1.328   0.875  btn_IBUF (btn_IBUF)
     INV:I->O            183   0.255   2.397  Mmux_Led81_INV_0 (Led_5_OBUF)
     FDCE:CLR                  0.459          clockbasetop/dotcontroller/colOut_0
    ----------------------------------------
    Total                      5.314ns (2.042ns logic, 3.272ns route)
                                       (38.4% logic, 61.6% route)

=========================================================================
Timing constraint: Default OFFSET OUT AFTER for Clock 'clockbasetop/SRclkdiv/clk_out'
  Total number of paths / destination ports: 17 / 17
-------------------------------------------------------------------------
Offset:              5.554ns (Levels of Logic = 2)
  Source:            clockbasetop/dotcontroller/colOut_1 (FF)
  Destination:       Led<1> (PAD)
  Source Clock:      clockbasetop/SRclkdiv/clk_out rising

  Data Path: clockbasetop/dotcontroller/colOut_1 to Led<1>
                                Gate     Net
    Cell:in->out      fanout   Delay   Delay  Logical Name (Net Name)
    ----------------------------------------  ------------
     FDCE:C->Q            16   0.525   1.182  clockbasetop/dotcontroller/colOut_1 (clockbasetop/dotcontroller/colOut_1)
     LUT2:I1->O            1   0.254   0.681  Mmux_Led21 (Led_1_OBUF)
     OBUF:I->O                 2.912          Led_1_OBUF (Led<1>)
    ----------------------------------------
    Total                      5.554ns (3.691ns logic, 1.863ns route)
                                       (66.5% logic, 33.5% route)

=========================================================================
Timing constraint: Default path analysis
  Total number of paths / destination ports: 8 / 8
-------------------------------------------------------------------------
Delay:               7.767ns (Levels of Logic = 3)
  Source:            btn (PAD)
  Destination:       Led<7> (PAD)

  Data Path: btn to Led<7>
                                Gate     Net
    Cell:in->out      fanout   Delay   Delay  Logical Name (Net Name)
    ----------------------------------------  ------------
     IBUF:I->O             6   1.328   0.875  btn_IBUF (btn_IBUF)
     INV:I->O            183   0.255   2.397  Mmux_Led81_INV_0 (Led_5_OBUF)
     OBUF:I->O                 2.912          Led_5_OBUF (Led<5>)
    ----------------------------------------
    Total                      7.767ns (4.495ns logic, 3.272ns route)
                                       (57.9% logic, 42.1% route)

=========================================================================

Cross Clock Domains Report:
--------------------------

Clock to Setup on destination clock CLK
---------------+---------+---------+---------+---------+
               | Src:Rise| Src:Fall| Src:Rise| Src:Fall|
Source Clock   |Dest:Rise|Dest:Rise|Dest:Fall|Dest:Fall|
---------------+---------+---------+---------+---------+
CLK            |    3.732|         |         |         |
---------------+---------+---------+---------+---------+

Clock to Setup on destination clock clockbasetop/RXclkdiv/clk_out
-----------------------------+---------+---------+---------+---------+
                             | Src:Rise| Src:Fall| Src:Rise| Src:Fall|
Source Clock                 |Dest:Rise|Dest:Rise|Dest:Fall|Dest:Fall|
-----------------------------+---------+---------+---------+---------+
clockbasetop/RXclkdiv/clk_out|    5.007|         |         |         |
-----------------------------+---------+---------+---------+---------+

Clock to Setup on destination clock clockbasetop/SRclkdiv/clk_out
-----------------------------+---------+---------+---------+---------+
                             | Src:Rise| Src:Fall| Src:Rise| Src:Fall|
Source Clock                 |Dest:Rise|Dest:Rise|Dest:Fall|Dest:Fall|
-----------------------------+---------+---------+---------+---------+
clockbasetop/RXclkdiv/clk_out|    2.895|         |         |         |
clockbasetop/SRclkdiv/clk_out|    3.446|         |         |         |
-----------------------------+---------+---------+---------+---------+

=========================================================================


Total REAL time to Xst completion: 5.00 secs
Total CPU time to Xst completion: 5.64 secs
 
--> 

Total memory usage is 262828 kilobytes

Number of errors   :    0 (   0 filtered)
Number of warnings :  150 (   0 filtered)
Number of infos    :    5 (   0 filtered)

