ISim log file
Running: C:\Users\Crazyfingers\Documents\Atlys-General\atlys-general\Shiftreg\test2sr_isim_beh.exe -intstyle ise -gui -tclbatch isim.cmd -view C:/Users/Crazyfingers/Documents/Atlys-General/atlys-general/Shiftreg/sr2test.wcfg -wdb C:/Users/Crazyfingers/Documents/Atlys-General/atlys-general/Shiftreg/test2sr_isim_beh.wdb 
ISim P.20131013 (signature 0x7708f090)
WARNING: A WEBPACK license was found.
WARNING: Please use Xilinx License Configuration Manager to check out a full ISim license.
WARNING: ISim will run in Lite mode. Please refer to the ISim documentation for more information on the differences between the Lite and the Full version.
This is a Lite version of ISim.
Time resolution is 1 ps
# onerror resume
# run 10.0ms
Simulator is doing circuit initialization process.
Finished circuit initialization process.
0: 00000001, 1: 00000001, 2: 01111110, 3: 00000000, 4: 00000000, 5: 00000000, 6: 00000000, 7: 00000000, 8: 00000000, 9: 00000000
-------
0: 11000000, 1: 11110000, 2: 11111110, 3: 11111100, 4: 11111111, 5: 00000000, 6: 00000000, 7: 00000000, 8: 00000000, 9: 00000000
-------
0: 00001111, 1: 11110000, 2: 00000000, 3: 00000000, 4: 00000000, 5: 00000000, 6: 00000000, 7: 00000000, 8: 00000000, 9: 00000000
-------
0: 00000000, 1: 00000000, 2: 00000000, 3: 00000000, 4: 00000000, 5: 00000000, 6: 00000000, 7: 00000000, 8: 00000000, 9: 00000000
-------
